phc2sys[557.492]: eth3 phc offset       -48 s0 freq     +10 delay   7712
phc2sys[558.493]: eth3 phc offset       -58 s2 freq      +0 delay   7648
phc2sys[559.493]: eth3 phc offset       -42 s2 freq     -42 delay   7680
phc2sys[560.493]: eth3 phc offset        -8 s2 freq     -21 delay   7664
phc2sys[561.493]: eth3 phc offset        13 s2 freq      -2 delay   7664
phc2sys[562.494]: eth3 phc offset        47 s2 freq     +36 delay  10928
phc2sys[563.494]: eth3 phc offset         3 s2 freq      +6 delay  10816
phc2sys[564.494]: eth3 phc offset        -3 s2 freq      +1 delay  10912
phc2sys[565.495]: eth3 phc offset        12 s2 freq     +15 delay  10912
phc2sys[566.495]: eth3 phc offset       -35 s2 freq     -28 delay  10816
phc2sys[567.495]: eth3 phc offset        -6 s2 freq     -10 delay  10912
phc2sys[568.496]: eth3 phc offset        27 s2 freq     +21 delay  10832
phc2sys[569.496]: eth3 phc offset       -74 s2 freq     -72 delay  10096
phc2sys[570.497]: eth3 phc offset        14 s2 freq      -6 delay  10800
phc2sys[571.497]: eth3 phc offset        60 s2 freq     +44 delay  10848
phc2sys[572.497]: eth3 phc offset        63 s2 freq     +65 delay  10880
phc2sys[573.498]: eth3 phc offset       -58 s2 freq     -37 delay  10832
phc2sys[574.498]: eth3 phc offset       -38 s2 freq     -34 delay  10864
phc2sys[575.498]: eth3 phc offset        68 s2 freq     +61 delay  10912
phc2sys[576.499]: eth3 phc offset       -64 s2 freq     -51 delay  10768
phc2sys[577.499]: eth3 phc offset         3 s2 freq      -3 delay  10896
phc2sys[578.499]: eth3 phc offset         6 s2 freq      +1 delay  10832
phc2sys[579.500]: eth3 phc offset        30 s2 freq     +26 delay  10944
phc2sys[580.500]: eth3 phc offset       -45 s2 freq     -40 delay  10944
phc2sys[581.500]: eth3 phc offset        19 s2 freq     +11 delay  10800
phc2sys[582.501]: eth3 phc offset         0 s2 freq      -2 delay  10784
phc2sys[583.501]: eth3 phc offset         2 s2 freq      -0 delay  10848
phc2sys[584.501]: eth3 phc offset        -5 s2 freq      -7 delay  10960
phc2sys[585.502]: eth3 phc offset       -22 s2 freq     -25 delay  10912
phc2sys[586.502]: eth3 phc offset        51 s2 freq     +41 delay  10880
phc2sys[587.502]: eth3 phc offset       -30 s2 freq     -25 delay  10864
phc2sys[588.503]: eth3 phc offset        18 s2 freq     +14 delay  10944
phc2sys[589.503]: eth3 phc offset        12 s2 freq     +14 delay  10864
phc2sys[590.503]: eth3 phc offset       -18 s2 freq     -13 delay  10864
phc2sys[591.504]: eth3 phc offset        19 s2 freq     +19 delay  10848
phc2sys[592.504]: eth3 phc offset       -32 s2 freq     -26 delay  10880
phc2sys[593.505]: eth3 phc offset        10 s2 freq      +6 delay  10720
phc2sys[594.505]: eth3 phc offset        28 s2 freq     +27 delay  10832
phc2sys[595.505]: eth3 phc offset       -23 s2 freq     -15 delay  10816
phc2sys[596.506]: eth3 phc offset       -32 s2 freq     -31 delay  10832
phc2sys[597.506]: eth3 phc offset       -24 s2 freq     -33 delay  10848
phc2sys[598.506]: eth3 phc offset        89 s2 freq     +73 delay  10784
phc2sys[599.507]: eth3 phc offset        16 s2 freq     +27 delay  10784
phc2sys[600.507]: eth3 phc offset       -35 s2 freq     -20 delay  10768
phc2sys[601.507]: eth3 phc offset       -71 s2 freq     -66 delay  10944
phc2sys[602.508]: eth3 phc offset        27 s2 freq     +11 delay  10880
phc2sys[603.508]: eth3 phc offset        17 s2 freq      +9 delay  10784
phc2sys[604.508]: eth3 phc offset        72 s2 freq     +69 delay  10880
phc2sys[605.509]: eth3 phc offset       -60 s2 freq     -42 delay  10912
phc2sys[606.509]: eth3 phc offset       -11 s2 freq     -11 delay  10960
phc2sys[607.509]: eth3 phc offset         8 s2 freq      +5 delay  10848
phc2sys[608.510]: eth3 phc offset        51 s2 freq     +50 delay  10880
phc2sys[609.510]: eth3 phc offset        -7 s2 freq      +8 delay  10928
phc2sys[610.510]: eth3 phc offset       -39 s2 freq     -26 delay  10848
phc2sys[611.511]: eth3 phc offset       -13 s2 freq     -12 delay  10976
phc2sys[612.511]: eth3 phc offset        31 s2 freq     +28 delay  10976
phc2sys[613.511]: eth3 phc offset       -29 s2 freq     -23 delay  10912
phc2sys[614.512]: eth3 phc offset        10 s2 freq      +8 delay  10848
phc2sys[615.512]: eth3 phc offset        34 s2 freq     +35 delay  10944
phc2sys[616.512]: eth3 phc offset       -48 s2 freq     -37 delay  10816
phc2sys[617.513]: eth3 phc offset       -27 s2 freq     -31 delay  10880
phc2sys[618.513]: eth3 phc offset        12 s2 freq      +0 delay  10768
phc2sys[619.513]: eth3 phc offset        19 s2 freq     +11 delay  10752
phc2sys[620.514]: eth3 phc offset        32 s2 freq     +30 delay  10800
phc2sys[621.514]: eth3 phc offset       -37 s2 freq     -30 delay  10848
phc2sys[622.514]: eth3 phc offset       -31 s2 freq     -35 delay  10832
phc2sys[623.515]: eth3 phc offset        19 s2 freq      +6 delay  10128
phc2sys[624.515]: eth3 phc offset        70 s2 freq     +63 delay  10880
phc2sys[625.515]: eth3 phc offset       -33 s2 freq     -19 delay  10832
phc2sys[626.516]: eth3 phc offset        27 s2 freq     +31 delay  10880
phc2sys[627.516]: eth3 phc offset       -44 s2 freq     -32 delay  10864
phc2sys[628.517]: eth3 phc offset        52 s2 freq     +51 delay  10832
phc2sys[629.517]: eth3 phc offset       -14 s2 freq      +0 delay  10128
phc2sys[630.517]: eth3 phc offset      -118 s2 freq    -108 delay  10880
phc2sys[631.518]: eth3 phc offset        46 s2 freq     +21 delay  10768
phc2sys[632.518]: eth3 phc offset        57 s2 freq     +45 delay  10960
phc2sys[633.518]: eth3 phc offset        28 s2 freq     +33 delay  10864
phc2sys[634.519]: eth3 phc offset       -29 s2 freq     -15 delay  10784
phc2sys[635.519]: eth3 phc offset       -38 s2 freq     -33 delay  10832
phc2sys[636.519]: eth3 phc offset       -21 s2 freq     -27 delay  10832
phc2sys[637.520]: eth3 phc offset        14 s2 freq      +1 delay  10816
phc2sys[638.520]: eth3 phc offset        61 s2 freq     +53 delay  10816
phc2sys[639.520]: eth3 phc offset         0 s2 freq     +10 delay  10928
phc2sys[640.521]: eth3 phc offset       -18 s2 freq      -8 delay  10912
phc2sys[641.521]: eth3 phc offset       -58 s2 freq     -53 delay  10784
phc2sys[642.521]: eth3 phc offset        60 s2 freq     +47 delay  10880
phc2sys[643.522]: eth3 phc offset       -27 s2 freq     -22 delay  10864
phc2sys[644.522]: eth3 phc offset       -38 s2 freq     -41 delay  10864
phc2sys[645.522]: eth3 phc offset       -21 s2 freq     -35 delay  10848
phc2sys[646.523]: eth3 phc offset        63 s2 freq     +42 delay  10880
phc2sys[647.523]: eth3 phc offset        12 s2 freq     +10 delay  10832
phc2sys[648.523]: eth3 phc offset        50 s2 freq     +52 delay  10896
phc2sys[649.524]: eth3 phc offset       -49 s2 freq     -32 delay  10832
phc2sys[650.524]: eth3 phc offset        15 s2 freq     +17 delay  10832
phc2sys[651.524]: eth3 phc offset       -10 s2 freq      -3 delay  10816
phc2sys[652.525]: eth3 phc offset        17 s2 freq     +21 delay  10832
